OpenSSL_1_0_1a
  74730 total
OpenSSL_1_0_2b
  80929 total
OpenSSL_1_0_2p
  82006 total
OpenSSL_1_0_1e
  75689 total
OpenSSL_1_0_2i
  81542 total
OpenSSL_1_1_0c
  51222 total
OpenSSL_1_0_1n
  76292 total
OpenSSL_1_1_0b
  51048 total
OpenSSL_1_1_0e
  51272 total
OpenSSL_1_1_0a
  51048 total
OpenSSL_1_0_1k
  75283 total
OpenSSL_1_0_1s
  76602 total
OpenSSL_1_0_1t
  76632 total
OpenSSL_1_0_1u
  76685 total
OpenSSL_1_0_2f
  81150 total
OpenSSL_1_0_1d
  75649 total
OpenSSL_1_0_1p
  76276 total
OpenSSL_1_0_2a
  80353 total
OpenSSL_1_0_1i
  74926 total
OpenSSL_1_0_2
  80224 total
OpenSSL_1_0_1m
  75793 total
OpenSSL_1_0_2h
  81355 total
OpenSSL_1_0_2j
  81542 total
OpenSSL_1_0_1g
  75949 total
OpenSSL_1_0_2m
  81893 total
OpenSSL_1_0_2n
  81903 total
OpenSSL_1_0_1j
  75197 total
OpenSSL_1_1_0i
  51746 total
OpenSSL_1_1_1
  55950 total
OpenSSL_1_0_2c
  80924 total
OpenSSL_1_0_2o
  81891 total
OpenSSL_1_0_2l
  81785 total
OpenSSL_1_0_1o
  76287 total
OpenSSL_1_0_1h
  76026 total
OpenSSL_1_0_1l
  75283 total
OpenSSL_1_0_1f
  75834 total
OpenSSL_1_0_2k
  81669 total
OpenSSL_1_0_1r
  76496 total
OpenSSL_1_0_1b
  74747 total
OpenSSL_1_1_0f
  51248 total
OpenSSL_1_0_2g
  81255 total
OpenSSL_1_0_1q
  76458 total
OpenSSL_1_1_0g
  51478 total
OpenSSL_1_1_0h
  51606 total
OpenSSL_1_0_2d
  80908 total
OpenSSL_1_0_2e
  81098 total
OpenSSL_1_1_0
  51002 total
OpenSSL_1_1_0d
  51256 total
OpenSSL_1_0_1c
  74754 total
